[4] :: 2013-Oct-27 08:56	D:\www\pure\www\lib\Pure\Patterns\Commands\RedirectionCommand.php
	31 => Redirection de 'http://localhost/pure/www/index.php?view=install&action=install&async_response=1' vers 'http://localhost/pure/www/index.php?view=install&action=complete' 

[2] :: 2013-Oct-27 08:57	D:\www\pure\www\lib\Pure\Patterns\Proxies\ControllerProxy.php
	263 => Appel d'un methode inexistante depuis un controller -> getFacade()

[2] :: 2013-Oct-27 08:57	D:\www\pure\www\lib\Pure\Patterns\Proxies\ControllerProxy.php
	263 => Appel d'un methode inexistante depuis un controller -> getFacade()

[2] :: 2013-Oct-27 09:02	D:\www\pure\www\lib\Pure\Patterns\Proxies\ControllerProxy.php
	263 => Appel d'un methode inexistante depuis un controller -> getFacade()

[2] :: 2013-Oct-27 09:04	D:\www\pure\www\lib\Pure\Patterns\Proxies\ControllerProxy.php
	263 => Appel d'un methode inexistante depuis un controller -> getFacade()

[2] :: 2013-Oct-27 09:06	D:\www\pure\www\lib\Pure\Patterns\Proxies\ControllerProxy.php
	263 => Appel d'un methode inexistante depuis un controller -> getFacade()

[4] :: 2013-Oct-27 11:41	D:\www\pure\www\lib\Pure\Patterns\Commands\RedirectionCommand.php
	31 => Redirection de 'http://localhost/pure/www/index.php' vers 'http://localhost/pure/www/index.php?view=install' 

[4] :: 2013-Oct-27 11:41	D:\www\pure\www\lib\Pure\Patterns\Commands\RedirectionCommand.php
	31 => Redirection de 'http://localhost/pure/www/' vers 'http://localhost/pure/www/index.php?view=install' 

[4] :: 2013-Oct-27 14:28	D:\www\pure\www\lib\Pure\Patterns\Commands\RedirectionCommand.php
	31 => Redirection de 'http://localhost/pure/www/' vers 'http://localhost/pure/www/index.php?view=install' 

[4] :: 2013-Oct-27 14:42	D:\www\pure\www\lib\Pure\Patterns\Commands\RedirectionCommand.php
	31 => Redirection de 'http://localhost/pure/www/' vers 'http://localhost/pure/www/index.php?view=install' 

